<?xml version="1.0" encoding="UTF-8"?>
<testsuite xmlns:xsi="http://www.w3.org/2001/XMLSchema-instance" xsi:noNamespaceSchemaLocation="https://maven.apache.org/surefire/maven-surefire-plugin/xsd/surefire-test-report.xsd" version="3.0.1" name="cucumberOptions.TestRunner" time="82.053" tests="2" errors="0" skipped="0" failures="0">
  <properties>
[...]
</properties>
  <testcase name="runScenario[&quot;Validate searh for an item&quot;, &quot;Validate search functionality&quot;](1)" classname="cucumberOptions.TestRunner" time="80.499">
    <system-out><![CDATA[
@search
Scenario: Validate searh for an item &amp#27;[90m# src/test/resources/features/A_ValidateSearch.feature:4&amp#27;[0m

@filter
Scenario: Validate price by filter                        &amp#27;[90m# src/test/resources/features/B_ValidateFilter.feature:4&amp#27;[0m
given
given
  &amp#27;[32mGiven &amp#27;[0m&amp#27;[32muser is home page&amp#27;[0m            &amp#27;[90m# stepDefinations.A_ValidateSearchStep.user_is_home_page()&amp#27;[0m
  &amp#27;[32mGiven &amp#27;[0m&amp#27;[32muser is home page&amp#27;[0m                                 &amp#27;[90m# stepDefinations.A_ValidateSearchStep.user_is_home_page()&amp#27;[0m
  &amp#27;[32mWhen &amp#27;[0m&amp#27;[32mclicks the search field&amp#27;[0m       &amp#27;[90m# stepDefinations.A_ValidateSearchStep.clicks_the_search_field()&amp#27;[0m
  &amp#27;[32mWhen &amp#27;[0m&amp#27;[32mclicks the search field&amp#27;[0m                            &amp#27;[90m# stepDefinations.A_ValidateSearchStep.clicks_the_search_field()&amp#27;[0m
  &amp#27;[32mAnd &amp#27;[0m&amp#27;[32muser enters item  &amp#27;[0m&amp#27;[32m&amp#27;[1m"shirt"&amp#27;[0m      &amp#27;[90m# stepDefinations.A_ValidateSearchStep.user_enters_item(java.lang.String)&amp#27;[0m
  &amp#27;[32mAnd &amp#27;[0m&amp#27;[32muser enters item  &amp#27;[0m&amp#27;[32m&amp#27;[1m"shirt"&amp#27;[0m                           &amp#27;[90m# stepDefinations.A_ValidateSearchStep.user_enters_item(java.lang.String)&amp#27;[0m
  &amp#27;[32mThen &amp#27;[0m&amp#27;[32muser click the search button&amp#27;[0m  &amp#27;[90m# stepDefinations.A_ValidateSearchStep.user_click_the_search_button()&amp#27;[0m
  &amp#27;[32mAnd &amp#27;[0m&amp#27;[32msearch result is displayed&amp#27;[0m     &amp#27;[90m# stepDefinations.A_ValidateSearchStep.search_result_is_displayed()&amp#27;[0m
  &amp#27;[32mThen &amp#27;[0m&amp#27;[32muser click the search button&amp#27;[0m                       &amp#27;[90m# stepDefinations.A_ValidateSearchStep.user_click_the_search_button()&amp#27;[0m
  &amp#27;[32mAnd &amp#27;[0m&amp#27;[32msearch result is displayed&amp#27;[0m                          &amp#27;[90m# stepDefinations.A_ValidateSearchStep.search_result_is_displayed()&amp#27;[0m
  &amp#27;[32mGiven &amp#27;[0m&amp#27;[32muser is on FootballMonk search page&amp#27;[0m               &amp#27;[90m# stepDefinations.B_ValidateFilterStep.user_is_on_footballmonk_search_page()&amp#27;[0m
WHEN
Product : 12
  &amp#27;[32mWhen &amp#27;[0m&amp#27;[32muser select the range &amp#27;[0m&amp#27;[32m&amp#27;[1m"Sort by price: low to high"&amp#27;[0m &amp#27;[90m# stepDefinations.B_ValidateFilterStep.user_select_the_range(java.lang.String)&amp#27;[0m
VALIDATION COMPLETED*****
FAIL*******
BUG FOUND
Current Price : 575.0
Previous Price : 575.0
14:49:53.644 [TestNG-PoolService-1] DEBUG stepDefinations.B_ValidateFilterStep - BUG FOUND**********
  &amp#27;[32mThen &amp#27;[0m&amp#27;[32mprice is validated&amp#27;[0m                                 &amp#27;[90m# stepDefinations.B_ValidateFilterStep.price_is_validated()&amp#27;[0m
]]></system-out>
    <system-err><![CDATA[SLF4J: Failed to load class "org.slf4j.impl.StaticLoggerBinder".
SLF4J: Defaulting to no-operation (NOP) logger implementation
SLF4J: See http://www.slf4j.org/codes.html#StaticLoggerBinder for further details.
Jul 15, 2026 2:48:54 PM org.openqa.selenium.devtools.CdpVersionFinder findNearestMatch
WARNING: Unable to find CDP implementation matching 150
Jul 15, 2026 2:48:54 PM org.openqa.selenium.devtools.CdpVersionFinder findNearestMatch
WARNING: Unable to find CDP implementation matching 150
Jul 15, 2026 2:48:54 PM org.openqa.selenium.chromium.ChromiumDriver lambda$new$4
WARNING: Unable to find version of CDP to use for 150.0.7871.115. You may need to include a dependency on a specific version of the CDP using something similar to `org.seleniumhq.selenium:selenium-devtools-v86:4.39.0` where the version ("v86") matches the version of the chromium-based browser you're using and the version number of the artifact is the same as Selenium's.
Jul 15, 2026 2:48:54 PM org.openqa.selenium.chromium.ChromiumDriver lambda$new$4
WARNING: Unable to find version of CDP to use for 150.0.7871.115. You may need to include a dependency on a specific version of the CDP using something similar to `org.seleniumhq.selenium:selenium-devtools-v86:4.39.0` where the version ("v86") matches the version of the chromium-based browser you're using and the version number of the artifact is the same as Selenium's.
]]></system-err>
  </testcase>
  <testcase name="runScenario[&quot;Validate price by filter&quot;, &quot;Validate filter functionality&quot;](2)" classname="cucumberOptions.TestRunner" time="80.823"/>
</testsuite>